### ISSUE TITLE
Incorrect loading of a random data file

### ISSUE THREAD

**Issue by zuixalias** [kyx0r/nextvi#189]
Create `lorem`
```sh
yes "Lorem ipsum dolor sit amet, consectetur adipiscing elit." | head -c 102400KB > lorem
```
Create `random`
```sh
head -c 102400KB /dev/urandom > random
```

Virtual memory size of the process in KiB
(All were in their default shipped state)

```
vi lorem              161860 (158.07MiB)
vis lorem             105636 (103.16MiB)
emacs -nw lorem       149500 (146.00MiB)
hx lorem              180388 (176.16MiB)
nvim lorem              8828 (8.62MiB)
  nvim --embed lorem  139196 (135.93MiB)
```
```
vi random               1164 (loads first 3 lines, with messed input)
vis random            105328 (102.86MiB)
emacs -nw random      199500 (194.82MiB)
hx random             254048 (248.09MiB)
nvim random             8828 (8.62MiB)
  nvim --embed random 208748 (203.86MiB)
```

Maybe do what `vis` does :P

**Comment by kyx0r** [comment]
@eworm-de @rnpnr I'm assuming you are maintainers of vis. Please see the errors posted above.

**Comment by zuixalias** [comment]
+1 for the maintainers
I used the version that my distro ships, for the purpose of this issue.
Since i don't use vis, i won't be testing/ reporting.

**Comment by rnpnr** [comment]
I forgot to mention the part where I was using musl :)

I'm not able to reproduce with valgrind (after much annoyance because valgrind doesn't support the full amd64 instruction set). I also tried with the address sanitizer (`-fsanitize=address`) and it does not catch this. I tested with clang 20.1.8 and gcc 15.2.1. I don't think there is anything else I can do here.

Anyways as I said above I don't think virtual memory usage is a particularly strong indicator of software quality. For instance I see a lot less malloc and free all over the place in nextvi (on just a quick scan through) which I consider a big plus. I also much prefer the syntax highlighting being defined in C code as opposed to the unreadable lua mess that we have in vis. I can reduce the malloc/free jungle in vis but we are mostly stuck with the lua stuff as that is what the current userbase expects.

**Comment by kyx0r** [comment]
@rnpnr This was peculiar, so I went out of my way to test this on GLIBC and was also able to reproduce the valgrind errors. Later, I've realized that since I use busybox, I had to modify the file generation command a bit because it doesn't support the KB size modifier. That made the test file slightly different which was enough to no cause the error.

Please generate lorem using this command:

```yes "Lorem ipsum dolor sit amet, consectetur adipiscing elit." | head -c 102400k > lorem```

I guarantee you will have errors.

**Comment by rnpnr** [comment]
I appreciate you taking the time to try fix this but this also doesn't reproduce for me. I assume its something about your environment, which I assume is some variant of KISS Linux? But there are vis users on KISS and they have not reported any such issues. The only remaining thing that could help point me to a bug is a proper backtrace. If its reproducible in debug mode (`make debug`) and you can send me a proper gdb backtrace (`bt full`) that would be ideal. If its not reproducible in debug mode a `bt full` could still help but it will be much more difficult for me to figure out what is wrong from that alone.

**Comment by kyx0r** [comment]
Are you sure you ran the visual ```G``` command after opening the lorem file? I reproduced the valgrind errors on a clean Arch Linux install (compiled with gcc from source git master obviously).

Here is a gdb backtrace of crash on MUSL. And yes, it doesn't crash on Arch (GLIBC) because like I said, GLIBC is more tolerant to crashes, but valgrind errors are still there.

```
rogram received signal SIGSEGV, Segmentation fault.
-----------------------------------------------------------------------------------------------------------------------[regs]
  RAX: 0x00007FFFF7200000  RBX: 0x0000000000000002  RCX: 0x00007FFFF7200000  RDX: 0x0000000000000000  o d I t s z a p c
  RSI: 0x00007FFFFFFFC870  RDI: 0x00007FFFFFFFC870  RBP: 0x00007FFFFFFFC7F0  RSP: 0x00007FFFFFFFC7D0  RIP: 0x0000555555572524
  R8 : 0x00007FFFF77977A4  R9 : 0x8080808080808080  R10: 0xFEFEFEFEFEFEFEFF  R11: 0x0000000000000001  R12: 0x0000555555565D19
  R13: 0x00007FFFFFFFE090  R14: 0x0000000000000000  R15: 0x00007FFFFFFFE330
  CS: 0033  DS: 0000  ES: 0000  FS: 0000  GS: 0000  SS: 002B
-----------------------------------------------------------------------------------------------------------------------[code]
=> 0x555555572524 <text_iterator_codepoint_next+41>:    movzx  eax,BYTE PTR [rax]
   0x555555572527 <text_iterator_codepoint_next+44>:    movsx  eax,al
   0x55555557252a <text_iterator_codepoint_next+47>:    and    eax,0xc0
   0x55555557252f <text_iterator_codepoint_next+52>:    cmp    eax,0x80
   0x555555572534 <text_iterator_codepoint_next+57>:    je     0x555555572555 <text_iterator_codepoint_next+90>
   0x555555572536 <text_iterator_codepoint_next+59>:    cmp    QWORD PTR [rbp-0x20],0x0
   0x55555557253b <text_iterator_codepoint_next+64>:    je     0x55555557254e <text_iterator_codepoint_next+83>
   0x55555557253d <text_iterator_codepoint_next+66>:    mov    rax,QWORD PTR [rbp-0x18]
   0x555555572541 <text_iterator_codepoint_next+70>:    mov    rax,QWORD PTR [rax+0x10]
   0x555555572545 <text_iterator_codepoint_next+74>:    movzx  edx,BYTE PTR [rax]
   0x555555572548 <text_iterator_codepoint_next+77>:    mov    rax,QWORD PTR [rbp-0x20]
   0x55555557254c <text_iterator_codepoint_next+81>:    mov    BYTE PTR [rax],dl
   0x55555557254e <text_iterator_codepoint_next+83>:    mov    eax,0x1
   0x555555572553 <text_iterator_codepoint_next+88>:    jmp    0x55555557256f <text_iterator_codepoint_next+116>
   0x555555572555 <text_iterator_codepoint_next+90>:    mov    rax,QWORD PTR [rbp-0x18]
   0x555555572559 <text_iterator_codepoint_next+94>:    mov    esi,0x0
   0x55555557255e <text_iterator_codepoint_next+99>:    mov    rdi,rax
   0x555555572561 <text_iterator_codepoint_next+102>:   call   0x5555555720ac <text_iterator_byte_next>
   0x555555572566 <text_iterator_codepoint_next+107>:   test   al,al
   0x555555572568 <text_iterator_codepoint_next+109>:   jne    0x55555557251c <text_iterator_codepoint_next+33>
   0x55555557256a <text_iterator_codepoint_next+111>:   mov    eax,0x0
   0x55555557256f <text_iterator_codepoint_next+116>:   mov    rdx,QWORD PTR [rbp-0x8]
-----------------------------------------------------------------------------------------------------------------------------
0x0000555555572524 in text_iterator_codepoint_next (it=0x7fffffffc870, c=0x0) at text-iterator.c:112
112                     if (ISUTF8(*it->text)) {
gdb$ bt full
#0  0x0000555555572524 in text_iterator_codepoint_next (it=0x7fffffffc870, c=0x0) at text-iterator.c:112
No locals.
#1  0x0000555555572641 in text_iterator_char_next (it=0x7fffffffc870, c=0x0) at text-iterator.c:133
        ps = {__opaque1 = 0x3d17a1c0, __opaque2 = 0xffffc8a0}
        txt = 0x7ffff71fffff
#2  0x0000555555572958 in text_char_next (txt=0x7ffff7e941a0, pos=0x63fffff) at text-motions.c:33
        it = {start = 0x7ffff0e00000 "Lorem ipsum dolor sit amet, consectetur adipiscing elit.\nLorem ipsum dolor sit amet, consectetur adipiscing elit.\nLorem ipsum dolor sit amet, consectetur adipiscing elit.\nLorem ipsum dolor sit amet, c"..., end = 0x7ffff7200000 <error: Cannot access memory at address 0x7ffff7200000>, text = 0x7ffff7200000 <error: Cannot access memory at address 0x7ffff7200000>, piece = 0x7ffff7e844a0, pos = 0x6400000}
#3  0x00005555555810c0 in view_selections_get (s=0x7ffff7797780) at view.c:1247
        txt = 0x7ffff7e941a0
        anchor = 0x63fffff
        cursor = 0x63fffff
        sel = {start = 0x63fffff, end = 0x63fffff}
#4  0x0000555555581750 in view_selections_normalize (view=0x7ffff7e93be0) at view.c:1334
        range = {start = 0x6400000, end = 0x3d17a1c08ef800db}
        s = 0x7ffff7797780
        next = 0x0
        prev = 0x0
        range_prev = {start = 0xffffffffffffffff, end = 0xffffffffffffffff}
#5  0x000055555558c22d in vis_do (vis=0x7ffff7ebf020) at vis.c:906
        win = 0x7ffff7e93bc0
        file = 0x7ffff7e93580
        txt = 0x7ffff7e941a0
        view = 0x7ffff7e93be0
        a = 0x7ffff7ebfd90
        count = 0x1
        repeatable = 0x0
        multiple_cursors = 0x0
        linewise = 0x1
        reg = 0x7ffff7ebf4c0
        reg_slot = 0x0
        last_reg_slot = 0x0
#6  0x0000555555584f22 in vis_motion (vis=0x7ffff7ebf020, motion=VIS_MOVE_FILE_END) at vis-motions.c:395
        ap = {{gp_offset = 0x10, fp_offset = 0x30, overflow_arg_area = 0x7fffffffcbc0, reg_save_area = 0x7fffffffcb00}}
#7  0x00005555555646f9 in gotoline (vis=0x7ffff7ebf020, keys=0x7ffff7e14ac1 "", arg=0x5555555a8138 <vis_action+1304>) at main.c:1815
No locals.
#8  0x000055555558cf8c in vis_keys_process (vis=0x7ffff7ebf020, pos=0x0) at vis.c:1123
        len = 0x1
        tmp = 0x0
        buf = 0x7ffff7ebfd70
        keys = 0x7ffff7e14ac0 "G"
        start = 0x7ffff7e14ac0 "G"
        cur = 0x7ffff7e14ac0 "G"
        end = 0x7ffff7e14ac1 ""
        binding_end = 0x7ffff7e14ac1 ""
        prefix = 0x0
        binding = 0x5555555a5058 <bindings_motions+792>
#9  0x000055555558d3c3 in vis_keys_push (vis=0x7ffff7ebf020, input=0x7ffff7ebfca9 "G", pos=0x0, record=0x1) at vis.c:1186
No locals.
#10 0x000055555558dcb1 in vis_run (vis=0x7ffff7ebf020) at vis.c:1334
        fds = {fds_bits = {0x1, 0x0 <repeats 15 times>}}
        r = 0x1
        key = 0x7ffff7ebfca9 "G"
        idle = {tv_sec = 0x0, tv_nsec = 0x0}
        timeout = 0x0
        emptyset = {__bits = {0x0, 0x7ffff7e93bc0, 0x20, 0x7ffff7e93d08, 0x7ffff7e14580, 0x3d17a1c08ef800db, 0x7fffffffcde0, 0x55555557fd70, 0x54000000020, 0x7ffff7e93bc0, 0x7fffffffcde0, 0x555581c2d, 0x800000004, 0x7ffff7e93bc0, 0x0, 0x3d17a1c08ef800db}}
#11 0x0000555555566738 in main (argc=0x2, argv=0x7fffffffe078) at main.c:2335
        sa = {__sa_handler = {sa_handler = 0x1, sa_sigaction = 0x1}, sa_mask = {__bits = {0xfffffffc7fffffff, 0x0 <repeats 15 times>}}, sa_flags = 0x4, sa_restorer = 0x0}
        blockset = {__bits = {0x8024041, 0x0 <repeats 15 times>}}
        cmd = 0x0
        end_of_options = 0x0
        win_created = 0x1
        status = 0x0
gdb$
```

**Comment by kyx0r** [comment]
Also, take a note of my config.mk:

```
# This version of config.mk was generated by:
# ./configure
# Any changes made here will be lost if configure is re-run
SRCDIR = .
PREFIX = /usr/local
EXEC_PREFIX = $(PREFIX)
BINDIR = $(EXEC_PREFIX)/bin
DOCPREFIX = $(PREFIX)/share/doc
MANPREFIX = $(PREFIX)/share/man
SHAREPREFIX = $(PREFIX)/share
CC = cc
CFLAGS = -O2 -Wall -pipe -Wno-initializer-overrides -O2 -ffunction-sections -fdata-sections -fPIE
LDFLAGS = -Wl,-z,now -Wl,-z,relro
CFLAGS_STD = -std=c99 -U_XOPEN_SOURCE -D_XOPEN_SOURCE=700 -DNDEBUG -MMD
LDFLAGS_STD = -lc
CFLAGS_AUTO = -fstack-protector-all
LDFLAGS_AUTO = -Wl,--gc-sections -pie
CFLAGS_DEBUG = -U_FORTIFY_SOURCE -UNDEBUG -O0 -g3 -ggdb -Wall -Wextra -pedantic -Wno-missing-field-initializers -Wno-unused-parameter
CONFIG_HELP = 1
CFLAGS_TERMKEY =
LDFLAGS_TERMKEY = -ltermkey
CONFIG_CURSES = 1
CFLAGS_CURSES = -D_BSD_SOURCE -DNCURSES_WIDECHAR
LDFLAGS_CURSES = -lncursesw -ltinfow
REGEX_SRC = text-regex.c
CONFIG_TRE = 0
CFLAGS_TRE =
LDFLAGS_TRE =
CONFIG_LUA = 0
CFLAGS_LUA =
LDFLAGS_LUA =
CONFIG_LPEG = 0
CFLAGS_LPEG =
LDFLAGS_LPEG =
CONFIG_ACL = 0
CFLAGS_ACL =
LDFLAGS_ACL =
CONFIG_SELINUX = 0
CFLAGS_SELINUX =
LDFLAGS_SELINUX =
```

**Comment by eworm-de** [comment]
... and I can push it downstream into Arch Linux repositories. 😉
Thanks!
